<?xml version="1.0" encoding="UTF-8"?>
<testsuite name="Register in Geelbe.com" tests="1" skipped="0" failures="1" errors="0" timestamp="2018-12-02T08:41:44" hostname="DESKTOP-R0NGCAK" time="31.205">
  <properties/>
  <testcase name="Register with correct data" classname="Register in Geelbe.com" time="31.205">
    <failure message="java.lang.AssertionError: Expected condition failed: waiting for By.xpath: /html[1]/body[1]/header[1]/div[1]/div[1]/p[1] to be displayed (tried for 5 second(s) with 100 milliseconds interval)&#10;Build info: version: '3.14.0', revision: 'aacccce0', time: '2018-08-02T20:19:58.91Z'&#10;System info: host: 'DESKTOP-R0NGCAK', ip: '192.168.1.62', os.name: 'Windows 8.1', os.arch: 'x86', os.version: '6.3', java.version: '1.8.0_51'&#10;Driver info: driver.version: unknown" type="java.lang.AssertionError">java.lang.AssertionError: Expected condition failed: waiting for By.xpath: /html[1]/body[1]/header[1]/div[1]/div[1]/p[1] to be displayed (tried for 5 second(s) with 100 milliseconds interval)
Build info: version: '3.14.0', revision: 'aacccce0', time: '2018-08-02T20:19:58.91Z'
System info: host: 'DESKTOP-R0NGCAK', ip: '192.168.1.62', os.name: 'Windows 8.1', os.arch: 'x86', os.version: '6.3', java.version: '1.8.0_51'
Driver info: driver.version: unknown
	at net.serenitybdd.screenplay.ErrorTally.throwSummaryExceptionFrom(ErrorTally.java:36)
	at net.serenitybdd.screenplay.ErrorTally.reportAnyErrors(ErrorTally.java:30)
	at net.serenitybdd.screenplay.Actor.should(Actor.java:244)
	at co.com.geelbe.certtification.stepDefinitions.RegisterGeelbeStepDefinitions.he_should_see_the_message_in_the_screen(RegisterGeelbeStepDefinitions.java:48)
	at ✽.he should see the message in the screen(src/test/resources/features/registerGeelbe.feature:13)
</failure>
  </testcase>
  <system-out><![CDATA[]]></system-out>
  <system-err><![CDATA[dic 02, 2018 3:41:44 AM org.openqa.selenium.remote.DesiredCapabilities chrome
INFORMACIÓN: Using `new ChromeOptions()` is preferred to `DesiredCapabilities.chrome()`
dic 02, 2018 3:41:45 AM org.openqa.selenium.remote.ProtocolHandshake createSession
INFORMACIÓN: Detected dialect: OSS
[Test worker] ERROR net.thucydides.core.steps.ConsoleLoggingListener - 
           __  _____ _____ ____ _____   _____ _    ___ _     _____ ____  
  _       / / |_   _| ____/ ___|_   _| |  ___/ \  |_ _| |   | ____|  _ \ 
 (_)_____| |    | | |  _| \___ \ | |   | |_ / _ \  | || |   |  _| | | | |
  _|_____| |    | | | |___ ___) || |   |  _/ ___ \ | || |___| |___| |_| |
 (_)     | |    |_| |_____|____/ |_|   |_|/_/   \_\___|_____|_____|____/ 
          \_\                                                            

TEST FAILED WITH ERROR: Register with correct data
---------------------------------------------------------------------
[Test worker] ERROR net.thucydides.core.steps.ConsoleLoggingListener - TEST FAILED AT STEP Then register result should be 'Has ingresado como David Noriega'
[Test worker] ERROR net.thucydides.core.steps.ConsoleLoggingListener - Expected condition failed: waiting for By.xpath: /html[1]/body[1]/header[1]/div[1]/div[1]/p[1] to be displayed (tried for 5 second(s) with 100 milliseconds interval)Build info: version: '3.14.0', revision: 'aacccce0', time: '2018-08-02T20:19:58.91Z'System info: host: 'DESKTOP-R0NGCAK', ip: '192.168.1.62', os.name: 'Windows 8.1', os.arch: 'x86', os.version: '6.3', java.version: '1.8.0_51'Driver info: driver.version: unknown
]]></system-err>
</testsuite>
